<?xml version="1.0" encoding="UTF-8"?>
<testsuite xmlns:xsi="http://www.w3.org/2001/XMLSchema-instance" xsi:noNamespaceSchemaLocation="https://maven.apache.org/surefire/maven-surefire-plugin/xsd/surefire-test-report-3.0.xsd" version="3.0" name="com.socialnetwork.sg.SgApplicationTests" time="8.572" tests="1" errors="0" skipped="0" failures="0">
  <properties>
[...]
</properties>
  <testcase name="contextLoads" classname="com.socialnetwork.sg.SgApplicationTests" time="0.012">
    <system-out><![CDATA[02:33:13.684 [main] INFO org.springframework.test.context.support.AnnotationConfigContextLoaderUtils -- Could not detect default configuration classes for test class [com.socialnetwork.sg.SgApplicationTests]: SgApplicationTests does not declare any static, non-private, non-final, nested classes annotated with @Configuration.
02:33:13.842 [main] INFO org.springframework.boot.test.context.SpringBootTestContextBootstrapper -- Found @SpringBootConfiguration com.socialnetwork.sg.SgApplication for test class com.socialnetwork.sg.SgApplicationTests

  .   ____          _            __ _ _
 /\\ / ___'_ __ _ _(_)_ __  __ _ \ \ \ \
( ( )\___ | '_ | '_| | '_ \/ _` | \ \ \ \
 \\/  ___)| |_)| | | | | || (_| |  ) ) ) )
  '  |____| .__|_| |_|_| |_\__, | / / / /
 =========|_|==============|___/=/_/_/_/
 :: Spring Boot ::                (v3.2.0)

2024-05-27T02:33:14.427+05:30  INFO 15324 --- [sg] [           main] c.socialnetwork.sg.SgApplicationTests    : Starting SgApplicationTests using Java 17.0.6 with PID 15324 (started by Deshan-Salitha in D:\normal\dell\project\Interviews\MusalaSoft\DEV_SOCIAL_NETWORK-9f9bef44-ecd1-a127-06e8-4b6bd4e95ae4\gen\sg)
2024-05-27T02:33:14.430+05:30  INFO 15324 --- [sg] [           main] c.socialnetwork.sg.SgApplicationTests    : No active profile set, falling back to 1 default profile: "default"
2024-05-27T02:33:15.804+05:30  INFO 15324 --- [sg] [           main] .s.d.r.c.RepositoryConfigurationDelegate : Bootstrapping Spring Data JPA repositories in DEFAULT mode.
2024-05-27T02:33:15.909+05:30  INFO 15324 --- [sg] [           main] .s.d.r.c.RepositoryConfigurationDelegate : Finished Spring Data repository scanning in 91 ms. Found 2 JPA repository interfaces.
2024-05-27T02:33:16.949+05:30  INFO 15324 --- [sg] [           main] o.hibernate.jpa.internal.util.LogHelper  : HHH000204: Processing PersistenceUnitInfo [name: default]
2024-05-27T02:33:17.044+05:30  INFO 15324 --- [sg] [           main] org.hibernate.Version                    : HHH000412: Hibernate ORM core version 6.3.1.Final
2024-05-27T02:33:17.095+05:30  INFO 15324 --- [sg] [           main] o.h.c.internal.RegionFactoryInitiator    : HHH000026: Second-level cache disabled
2024-05-27T02:33:17.283+05:30  INFO 15324 --- [sg] [           main] o.s.o.j.p.SpringPersistenceUnitInfo      : No LoadTimeWeaver setup: ignoring JPA class transformer
2024-05-27T02:33:17.329+05:30  INFO 15324 --- [sg] [           main] com.zaxxer.hikari.HikariDataSource       : HikariPool-1 - Starting...
2024-05-27T02:33:17.571+05:30  INFO 15324 --- [sg] [           main] com.zaxxer.hikari.pool.HikariPool        : HikariPool-1 - Added connection conn0: url=jdbc:h2:mem:social user=ROOT
2024-05-27T02:33:17.585+05:30  INFO 15324 --- [sg] [           main] com.zaxxer.hikari.HikariDataSource       : HikariPool-1 - Start completed.
2024-05-27T02:33:17.615+05:30  WARN 15324 --- [sg] [           main] org.hibernate.orm.deprecation            : HHH90000025: H2Dialect does not need to be specified explicitly using 'hibernate.dialect' (remove the property setting and it will be selected by default)
2024-05-27T02:33:18.554+05:30  INFO 15324 --- [sg] [           main] o.h.e.t.j.p.i.JtaPlatformInitiator       : HHH000489: No JTA platform available (set 'hibernate.transaction.jta.platform' to enable JTA platform integration)
2024-05-27T02:33:18.614+05:30  INFO 15324 --- [sg] [           main] j.LocalContainerEntityManagerFactoryBean : Initialized JPA EntityManagerFactory for persistence unit 'default'
2024-05-27T02:33:19.400+05:30  WARN 15324 --- [sg] [           main] JpaBaseConfiguration$JpaWebConfiguration : spring.jpa.open-in-view is enabled by default. Therefore, database queries may be performed during view rendering. Explicitly configure spring.jpa.open-in-view to disable this warning
2024-05-27T02:33:20.285+05:30  INFO 15324 --- [sg] [           main] o.s.b.a.e.web.EndpointLinksResolver      : Exposing 1 endpoint(s) beneath base path '/actuator'
2024-05-27T02:33:20.380+05:30  INFO 15324 --- [sg] [           main] o.s.s.web.DefaultSecurityFilterChain     : Will secure any request with [org.springframework.security.web.session.DisableEncodeUrlFilter@eaa901a, org.springframework.security.web.context.request.async.WebAsyncManagerIntegrationFilter@2f053ff3, org.springframework.security.web.context.SecurityContextHolderFilter@592efd6, org.springframework.security.web.header.HeaderWriterFilter@16ef07fa, org.springframework.web.filter.CorsFilter@69173bb7, org.springframework.security.web.authentication.logout.LogoutFilter@2968d3c0, com.socialnetwork.sg.config.JwtAuthenticationFilter@f14d079, org.springframework.security.web.authentication.www.BasicAuthenticationFilter@40d1e561, org.springframework.security.web.savedrequest.RequestCacheAwareFilter@3ac2772d, org.springframework.security.web.servletapi.SecurityContextHolderAwareRequestFilter@5a66fc27, org.springframework.security.web.authentication.AnonymousAuthenticationFilter@5d0ea2af, org.springframework.security.web.session.SessionManagementFilter@776eb512, org.springframework.security.web.access.ExceptionTranslationFilter@70bbc163, org.springframework.security.web.access.intercept.AuthorizationFilter@205efdfc]
2024-05-27T02:33:21.092+05:30  INFO 15324 --- [sg] [           main] o.s.b.a.h2.H2ConsoleAutoConfiguration    : H2 console available at '/h2-console'. Database available at 'jdbc:h2:mem:social'
2024-05-27T02:33:21.868+05:30  INFO 15324 --- [sg] [           main] c.socialnetwork.sg.SgApplicationTests    : Started SgApplicationTests in 7.795 seconds (process running for 11.553)
]]></system-out>
  </testcase>
</testsuite>